{"C:\\Users\\youcefcheriet\\MJCHAUFFAGE\\admin-v2\\admin-backend\\src\\app.controller.ts": {"path":"C:\\Users\\youcefcheriet\\MJCHAUFFAGE\\admin-v2\\admin-backend\\src\\app.controller.ts","statementMap":{"0":{"start":{"line":1,"column":0},"end":{"line":1,"column":49}},"1":{"start":{"line":2,"column":0},"end":{"line":2,"column":43}},"2":{"start":{"line":5,"column":7},"end":{"line":12,"column":null}},"3":{"start":{"line":6,"column":31},"end":{"line":6,"column":43}},"4":{"start":{"line":10,"column":4},"end":{"line":10,"column":38}},"5":{"start":{"line":5,"column":13},"end":{"line":5,"column":26}},"6":{"start":{"line":9,"column":2},"end":{"line":11,"column":null}},"7":{"start":{"line":5,"column":13},"end":{"line":12,"column":null}}},"fnMap":{"0":{"name":"(anonymous_2)","decl":{"start":{"line":6,"column":2},"end":{"line":6,"column":31}},"loc":{"start":{"line":6,"column":53},"end":{"line":6,"column":57}}},"1":{"name":"(anonymous_3)","decl":{"start":{"line":9,"column":2},"end":{"line":9,"column":10}},"loc":{"start":{"line":9,"column":10},"end":{"line":11,"column":3}}}},"branchMap":{"0":{"loc":{"start":{"line":6,"column":43},"end":{"line":6,"column":56}},"type":"cond-expr","locations":[{"start":{"line":6,"column":53},"end":{"line":6,"column":56}},{"start":{"line":6,"column":53},"end":{"line":6,"column":56}}]},"1":{"loc":{"start":{"line":6,"column":43},"end":{"line":6,"column":53}},"type":"binary-expr","locations":[{"start":{"line":6,"column":43},"end":{"line":6,"column":56}},{"start":{"line":6,"column":43},"end":{"line":6,"column":53}}]}},"s":{"0":4,"1":4,"2":4,"3":2,"4":1,"5":4,"6":4,"7":4},"f":{"0":2,"1":1},"b":{"0":[4,0],"1":[4,4]}}
,"C:\\Users\\youcefcheriet\\MJCHAUFFAGE\\admin-v2\\admin-backend\\src\\app.module.ts": {"path":"C:\\Users\\youcefcheriet\\MJCHAUFFAGE\\admin-v2\\admin-backend\\src\\app.module.ts","statementMap":{"0":{"start":{"line":1,"column":0},"end":{"line":1,"column":40}},"1":{"start":{"line":2,"column":0},"end":{"line":2,"column":46}},"2":{"start":{"line":3,"column":0},"end":{"line":3,"column":52}},"3":{"start":{"line":4,"column":0},"end":{"line":4,"column":49}},"4":{"start":{"line":5,"column":0},"end":{"line":5,"column":43}},"5":{"start":{"line":6,"column":0},"end":{"line":6,"column":54}},"6":{"start":{"line":7,"column":0},"end":{"line":7,"column":48}},"7":{"start":{"line":31,"column":7},"end":{"line":31,"column":null}},"8":{"start":{"line":31,"column":13},"end":{"line":31,"column":22}},"9":{"start":{"line":31,"column":13},"end":{"line":31,"column":null}}},"fnMap":{},"branchMap":{},"s":{"0":3,"1":3,"2":3,"3":3,"4":3,"5":3,"6":3,"7":3,"8":3,"9":3},"f":{},"b":{}}
,"C:\\Users\\youcefcheriet\\MJCHAUFFAGE\\admin-v2\\admin-backend\\src\\app.service.ts": {"path":"C:\\Users\\youcefcheriet\\MJCHAUFFAGE\\admin-v2\\admin-backend\\src\\app.service.ts","statementMap":{"0":{"start":{"line":1,"column":0},"end":{"line":1,"column":44}},"1":{"start":{"line":4,"column":7},"end":{"line":8,"column":null}},"2":{"start":{"line":6,"column":4},"end":{"line":6,"column":26}},"3":{"start":{"line":4,"column":13},"end":{"line":4,"column":23}},"4":{"start":{"line":4,"column":13},"end":{"line":8,"column":null}}},"fnMap":{"0":{"name":"(anonymous_1)","decl":{"start":{"line":5,"column":2},"end":{"line":5,"column":10}},"loc":{"start":{"line":5,"column":10},"end":{"line":7,"column":3}}}},"branchMap":{},"s":{"0":4,"1":4,"2":2,"3":4,"4":4},"f":{"0":2},"b":{}}
,"C:\\Users\\youcefcheriet\\MJCHAUFFAGE\\admin-v2\\admin-backend\\src\\main.ts": {"path":"C:\\Users\\youcefcheriet\\MJCHAUFFAGE\\admin-v2\\admin-backend\\src\\main.ts","statementMap":{"0":{"start":{"line":1,"column":0},"end":{"line":1,"column":43}},"1":{"start":{"line":2,"column":0},"end":{"line":2,"column":56}},"2":{"start":{"line":3,"column":0},"end":{"line":3,"column":47}},"3":{"start":{"line":4,"column":0},"end":{"line":4,"column":38}},"4":{"start":{"line":5,"column":0},"end":{"line":5,"column":28}},"5":{"start":{"line":6,"column":0},"end":{"line":6,"column":41}},"6":{"start":{"line":9,"column":17},"end":{"line":9,"column":40}},"7":{"start":{"line":11,"column":14},"end":{"line":11,"column":49}},"8":{"start":{"line":12,"column":24},"end":{"line":12,"column":46}},"9":{"start":{"line":15,"column":2},"end":{"line":15,"column":20}},"10":{"start":{"line":16,"column":2},"end":{"line":16,"column":25}},"11":{"start":{"line":19,"column":2},"end":{"line":24,"column":5}},"12":{"start":{"line":27,"column":2},"end":{"line":36,"column":4}},"13":{"start":{"line":39,"column":2},"end":{"line":39,"column":32}},"14":{"start":{"line":41,"column":15},"end":{"line":41,"column":54}},"15":{"start":{"line":43,"column":2},"end":{"line":43,"column":25}},"16":{"start":{"line":45,"column":2},"end":{"line":45,"column":70}},"17":{"start":{"line":46,"column":2},"end":{"line":46,"column":70}},"18":{"start":{"line":49,"column":0},"end":{"line":52,"column":3}},"19":{"start":{"line":50,"column":2},"end":{"line":50,"column":54}},"20":{"start":{"line":51,"column":2},"end":{"line":51,"column":18}}},"fnMap":{"0":{"name":"bootstrap","decl":{"start":{"line":8,"column":15},"end":{"line":8,"column":24}},"loc":{"start":{"line":8,"column":24},"end":{"line":47,"column":1}}},"1":{"name":"(anonymous_2)","decl":{"start":{"line":49,"column":18},"end":{"line":49,"column":19}},"loc":{"start":{"line":49,"column":28},"end":{"line":52,"column":1}}}},"branchMap":{},"s":{"0":2,"1":2,"2":2,"3":2,"4":2,"5":2,"6":2,"7":2,"8":2,"9":2,"10":2,"11":2,"12":2,"13":2,"14":2,"15":2,"16":2,"17":2,"18":2,"19":0,"20":0},"f":{"0":2,"1":0},"b":{}}
,"C:\\Users\\youcefcheriet\\MJCHAUFFAGE\\admin-v2\\admin-backend\\src\\auth\\auth.controller.ts": {"path":"C:\\Users\\youcefcheriet\\MJCHAUFFAGE\\admin-v2\\admin-backend\\src\\auth\\auth.controller.ts","statementMap":{"0":{"start":{"line":1,"column":0},"end":{"line":1,"column":115}},"1":{"start":{"line":2,"column":0},"end":{"line":2,"column":45}},"2":{"start":{"line":3,"column":0},"end":{"line":3,"column":43}},"3":{"start":{"line":4,"column":0},"end":{"line":4,"column":55}},"4":{"start":{"line":5,"column":0},"end":{"line":5,"column":55}},"5":{"start":{"line":9,"column":7},"end":{"line":34,"column":null}},"6":{"start":{"line":10,"column":31},"end":{"line":10,"column":44}},"7":{"start":{"line":16,"column":4},"end":{"line":16,"column":44}},"8":{"start":{"line":25,"column":4},"end":{"line":25,"column":37}},"9":{"start":{"line":32,"column":4},"end":{"line":32,"column":29}},"10":{"start":{"line":9,"column":13},"end":{"line":9,"column":27}},"11":{"start":{"line":15,"column":8},"end":{"line":17,"column":null}},"12":{"start":{"line":22,"column":8},"end":{"line":26,"column":null}},"13":{"start":{"line":30,"column":8},"end":{"line":33,"column":null}},"14":{"start":{"line":9,"column":13},"end":{"line":34,"column":null}}},"fnMap":{"0":{"name":"(anonymous_4)","decl":{"start":{"line":10,"column":2},"end":{"line":10,"column":31}},"loc":{"start":{"line":10,"column":55},"end":{"line":10,"column":59}}},"1":{"name":"(anonymous_5)","decl":{"start":{"line":15,"column":8},"end":{"line":15,"column":13}},"loc":{"start":{"line":15,"column":54},"end":{"line":17,"column":3}}},"2":{"name":"(anonymous_6)","decl":{"start":{"line":22,"column":8},"end":{"line":22,"column":10}},"loc":{"start":{"line":22,"column":30},"end":{"line":26,"column":3}}},"3":{"name":"(anonymous_7)","decl":{"start":{"line":30,"column":8},"end":{"line":30,"column":14}},"loc":{"start":{"line":30,"column":14},"end":{"line":33,"column":3}}}},"branchMap":{"0":{"loc":{"start":{"line":25,"column":12},"end":{"line":25,"column":36}},"type":"binary-expr","locations":[{"start":{"line":25,"column":12},"end":{"line":25,"column":28}},{"start":{"line":25,"column":32},"end":{"line":25,"column":36}}]},"1":{"loc":{"start":{"line":15,"column":46},"end":{"line":15,"column":null}},"type":"cond-expr","locations":[{"start":{"line":15,"column":54},"end":{"line":15,"column":null}},{"start":{"line":15,"column":54},"end":{"line":15,"column":null}}]},"2":{"loc":{"start":{"line":15,"column":46},"end":{"line":15,"column":54}},"type":"binary-expr","locations":[{"start":{"line":15,"column":46},"end":{"line":15,"column":null}},{"start":{"line":15,"column":46},"end":{"line":15,"column":54}}]},"3":{"loc":{"start":{"line":10,"column":44},"end":{"line":10,"column":58}},"type":"cond-expr","locations":[{"start":{"line":10,"column":55},"end":{"line":10,"column":58}},{"start":{"line":10,"column":55},"end":{"line":10,"column":58}}]},"4":{"loc":{"start":{"line":10,"column":44},"end":{"line":10,"column":55}},"type":"binary-expr","locations":[{"start":{"line":10,"column":44},"end":{"line":10,"column":58}},{"start":{"line":10,"column":44},"end":{"line":10,"column":55}}]}},"s":{"0":4,"1":4,"2":4,"3":4,"4":4,"5":4,"6":2,"7":0,"8":0,"9":0,"10":4,"11":4,"12":4,"13":4,"14":4},"f":{"0":2,"1":0,"2":0,"3":0},"b":{"0":[0,0],"1":[4,0],"2":[4,4],"3":[4,0],"4":[4,4]}}
,"C:\\Users\\youcefcheriet\\MJCHAUFFAGE\\admin-v2\\admin-backend\\src\\auth\\auth.module.ts": {"path":"C:\\Users\\youcefcheriet\\MJCHAUFFAGE\\admin-v2\\admin-backend\\src\\auth\\auth.module.ts","statementMap":{"0":{"start":{"line":1,"column":0},"end":{"line":1,"column":40}},"1":{"start":{"line":2,"column":0},"end":{"line":2,"column":40}},"2":{"start":{"line":3,"column":0},"end":{"line":3,"column":50}},"3":{"start":{"line":4,"column":0},"end":{"line":4,"column":61}},"4":{"start":{"line":5,"column":0},"end":{"line":5,"column":45}},"5":{"start":{"line":6,"column":0},"end":{"line":6,"column":51}},"6":{"start":{"line":7,"column":0},"end":{"line":7,"column":56}},"7":{"start":{"line":8,"column":0},"end":{"line":8,"column":62}},"8":{"start":{"line":32,"column":7},"end":{"line":32,"column":null}},"9":{"start":{"line":32,"column":13},"end":{"line":32,"column":23}},"10":{"start":{"line":32,"column":13},"end":{"line":32,"column":null}},"11":{"start":{"line":16,"column":53},"end":{"line":25,"column":8}}},"fnMap":{"0":{"name":"(anonymous_1)","decl":{"start":{"line":16,"column":18},"end":{"line":16,"column":19}},"loc":{"start":{"line":16,"column":53},"end":{"line":25,"column":8}}}},"branchMap":{},"s":{"0":3,"1":3,"2":3,"3":3,"4":3,"5":3,"6":3,"7":3,"8":3,"9":3,"10":3,"11":1},"f":{"0":1},"b":{}}
,"C:\\Users\\youcefcheriet\\MJCHAUFFAGE\\admin-v2\\admin-backend\\src\\auth\\auth.service.ts": {"path":"C:\\Users\\youcefcheriet\\MJCHAUFFAGE\\admin-v2\\admin-backend\\src\\auth\\auth.service.ts","statementMap":{"0":{"start":{"line":1,"column":0},"end":{"line":1,"column":75}},"1":{"start":{"line":2,"column":0},"end":{"line":2,"column":47}},"2":{"start":{"line":3,"column":0},"end":{"line":3,"column":41}},"3":{"start":{"line":4,"column":0},"end":{"line":4,"column":35}},"4":{"start":{"line":5,"column":0},"end":{"line":5,"column":57}},"5":{"start":{"line":6,"column":0},"end":{"line":6,"column":62}},"6":{"start":{"line":32,"column":24},"end":{"line":170,"column":null}},"7":{"start":{"line":33,"column":28},"end":{"line":33,"column":56}},"8":{"start":{"line":36,"column":12},"end":{"line":36,"column":20}},"9":{"start":{"line":37,"column":12},"end":{"line":37,"column":24}},"10":{"start":{"line":38,"column":12},"end":{"line":38,"column":27}},"11":{"start":{"line":42,"column":32},"end":{"line":42,"column":40}},"12":{"start":{"line":44,"column":4},"end":{"line":143,"column":5}},"13":{"start":{"line":46,"column":19},"end":{"line":58,"column":8}},"14":{"start":{"line":60,"column":6},"end":{"line":63,"column":7}},"15":{"start":{"line":61,"column":8},"end":{"line":61,"column":83}},"16":{"start":{"line":62,"column":8},"end":{"line":62,"column":66}},"17":{"start":{"line":66,"column":6},"end":{"line":69,"column":7}},"18":{"start":{"line":67,"column":8},"end":{"line":67,"column":81}},"19":{"start":{"line":68,"column":8},"end":{"line":68,"column":60}},"20":{"start":{"line":72,"column":6},"end":{"line":75,"column":7}},"21":{"start":{"line":73,"column":8},"end":{"line":73,"column":103}},"22":{"start":{"line":74,"column":8},"end":{"line":74,"column":66}},"23":{"start":{"line":77,"column":30},"end":{"line":77,"column":75}},"24":{"start":{"line":78,"column":6},"end":{"line":81,"column":7}},"25":{"start":{"line":79,"column":8},"end":{"line":79,"column":89}},"26":{"start":{"line":80,"column":8},"end":{"line":80,"column":66}},"27":{"start":{"line":84,"column":6},"end":{"line":87,"column":7}},"28":{"start":{"line":85,"column":8},"end":{"line":85,"column":92}},"29":{"start":{"line":86,"column":8},"end":{"line":86,"column":62}},"30":{"start":{"line":90,"column":34},"end":{"line":96,"column":8}},"31":{"start":{"line":98,"column":26},"end":{"line":103,"column":8}},"32":{"start":{"line":105,"column":27},"end":{"line":112,"column":null}},"33":{"start":{"line":116,"column":6},"end":{"line":119,"column":9}},"34":{"start":{"line":121,"column":6},"end":{"line":121,"column":58}},"35":{"start":{"line":123,"column":6},"end":{"line":135,"column":8}},"36":{"start":{"line":137,"column":6},"end":{"line":139,"column":7}},"37":{"start":{"line":138,"column":8},"end":{"line":138,"column":20}},"38":{"start":{"line":141,"column":6},"end":{"line":141,"column":79}},"39":{"start":{"line":142,"column":6},"end":{"line":142,"column":61}},"40":{"start":{"line":147,"column":4},"end":{"line":168,"column":5}},"41":{"start":{"line":148,"column":19},"end":{"line":158,"column":8}},"42":{"start":{"line":160,"column":6},"end":{"line":162,"column":7}},"43":{"start":{"line":161,"column":8},"end":{"line":161,"column":20}},"44":{"start":{"line":164,"column":6},"end":{"line":164,"column":18}},"45":{"start":{"line":166,"column":6},"end":{"line":166,"column":73}},"46":{"start":{"line":167,"column":6},"end":{"line":167,"column":18}},"47":{"start":{"line":32,"column":13},"end":{"line":32,"column":24}},"48":{"start":{"line":32,"column":13},"end":{"line":170,"column":null}}},"fnMap":{"0":{"name":"(anonymous_11)","decl":{"start":{"line":35,"column":2},"end":{"line":35,"column":null}},"loc":{"start":{"line":38,"column":40},"end":{"line":39,"column":6}}},"1":{"name":"(anonymous_12)","decl":{"start":{"line":41,"column":2},"end":{"line":41,"column":7}},"loc":{"start":{"line":41,"column":32},"end":{"line":144,"column":3}}},"2":{"name":"(anonymous_13)","decl":{"start":{"line":146,"column":2},"end":{"line":146,"column":7}},"loc":{"start":{"line":146,"column":40},"end":{"line":169,"column":3}}}},"branchMap":{"0":{"loc":{"start":{"line":60,"column":6},"end":{"line":63,"column":7}},"type":"if","locations":[{"start":{"line":60,"column":6},"end":{"line":63,"column":7}},{"start":{},"end":{}}]},"1":{"loc":{"start":{"line":66,"column":6},"end":{"line":69,"column":7}},"type":"if","locations":[{"start":{"line":66,"column":6},"end":{"line":69,"column":7}},{"start":{},"end":{}}]},"2":{"loc":{"start":{"line":72,"column":6},"end":{"line":75,"column":7}},"type":"if","locations":[{"start":{"line":72,"column":6},"end":{"line":75,"column":7}},{"start":{},"end":{}}]},"3":{"loc":{"start":{"line":78,"column":6},"end":{"line":81,"column":7}},"type":"if","locations":[{"start":{"line":78,"column":6},"end":{"line":81,"column":7}},{"start":{},"end":{}}]},"4":{"loc":{"start":{"line":84,"column":6},"end":{"line":87,"column":7}},"type":"if","locations":[{"start":{"line":84,"column":6},"end":{"line":87,"column":7}},{"start":{},"end":{}}]},"5":{"loc":{"start":{"line":137,"column":6},"end":{"line":139,"column":7}},"type":"if","locations":[{"start":{"line":137,"column":6},"end":{"line":139,"column":7}},{"start":{},"end":{}}]},"6":{"loc":{"start":{"line":160,"column":6},"end":{"line":162,"column":7}},"type":"if","locations":[{"start":{"line":160,"column":6},"end":{"line":162,"column":7}},{"start":{},"end":{}}]},"7":{"loc":{"start":{"line":160,"column":10},"end":{"line":160,"column":33}},"type":"binary-expr","locations":[{"start":{"line":160,"column":10},"end":{"line":160,"column":15}},{"start":{"line":160,"column":19},"end":{"line":160,"column":33}}]},"8":{"loc":{"start":{"line":36,"column":20},"end":{"line":36,"column":null}},"type":"cond-expr","locations":[{"start":{"line":36,"column":33},"end":{"line":36,"column":null}},{"start":{"line":36,"column":33},"end":{"line":36,"column":null}}]},"9":{"loc":{"start":{"line":36,"column":20},"end":{"line":36,"column":33}},"type":"binary-expr","locations":[{"start":{"line":36,"column":20},"end":{"line":36,"column":null}},{"start":{"line":36,"column":20},"end":{"line":36,"column":33}}]},"10":{"loc":{"start":{"line":36,"column":33},"end":{"line":37,"column":null}},"type":"cond-expr","locations":[{"start":{"line":37,"column":34},"end":{"line":37,"column":null}},{"start":{"line":37,"column":34},"end":{"line":37,"column":null}}]},"11":{"loc":{"start":{"line":36,"column":33},"end":{"line":37,"column":34}},"type":"binary-expr","locations":[{"start":{"line":36,"column":33},"end":{"line":37,"column":null}},{"start":{"line":37,"column":24},"end":{"line":37,"column":34}}]},"12":{"loc":{"start":{"line":37,"column":34},"end":{"line":38,"column":null}},"type":"cond-expr","locations":[{"start":{"line":38,"column":40},"end":{"line":38,"column":null}},{"start":{"line":38,"column":40},"end":{"line":38,"column":null}}]},"13":{"loc":{"start":{"line":37,"column":34},"end":{"line":38,"column":40}},"type":"binary-expr","locations":[{"start":{"line":37,"column":34},"end":{"line":38,"column":null}},{"start":{"line":38,"column":27},"end":{"line":38,"column":40}}]}},"s":{"0":6,"1":6,"2":6,"3":6,"4":6,"5":6,"6":6,"7":9,"8":9,"9":9,"10":9,"11":6,"12":6,"13":6,"14":6,"15":1,"16":1,"17":5,"18":1,"19":1,"20":4,"21":1,"22":1,"23":3,"24":3,"25":1,"26":1,"27":2,"28":1,"29":1,"30":1,"31":1,"32":1,"33":1,"34":1,"35":1,"36":5,"37":5,"38":0,"39":0,"40":2,"41":2,"42":2,"43":1,"44":1,"45":0,"46":0,"47":6,"48":6},"f":{"0":9,"1":6,"2":2},"b":{"0":[1,5],"1":[1,4],"2":[1,3],"3":[1,2],"4":[1,1],"5":[5,0],"6":[1,1],"7":[2,2],"8":[6,0],"9":[6,6],"10":[6,0],"11":[6,6],"12":[6,0],"13":[6,6]}}
,"C:\\Users\\youcefcheriet\\MJCHAUFFAGE\\admin-v2\\admin-backend\\src\\auth\\decorators\\public.decorator.ts": {"path":"C:\\Users\\youcefcheriet\\MJCHAUFFAGE\\admin-v2\\admin-backend\\src\\auth\\decorators\\public.decorator.ts","statementMap":{"0":{"start":{"line":1,"column":0},"end":{"line":1,"column":45}},"1":{"start":{"line":3,"column":13},"end":{"line":3,"column":40}},"2":{"start":{"line":4,"column":22},"end":{"line":4,"column":60}},"3":{"start":{"line":4,"column":28},"end":{"line":4,"column":60}},"4":{"start":{"line":4,"column":13},"end":{"line":4,"column":22}}},"fnMap":{"0":{"name":"(anonymous_0)","decl":{"start":{"line":4,"column":22},"end":{"line":4,"column":25}},"loc":{"start":{"line":4,"column":28},"end":{"line":4,"column":60}}}},"branchMap":{},"s":{"0":6,"1":6,"2":6,"3":5,"4":6},"f":{"0":5},"b":{}}
,"C:\\Users\\youcefcheriet\\MJCHAUFFAGE\\admin-v2\\admin-backend\\src\\auth\\decorators\\roles.decorator.ts": {"path":"C:\\Users\\youcefcheriet\\MJCHAUFFAGE\\admin-v2\\admin-backend\\src\\auth\\decorators\\roles.decorator.ts","statementMap":{"0":{"start":{"line":1,"column":0},"end":{"line":1,"column":45}},"1":{"start":{"line":3,"column":13},"end":{"line":3,"column":33}},"2":{"start":{"line":4,"column":21},"end":{"line":4,"column":74}},"3":{"start":{"line":4,"column":45},"end":{"line":4,"column":74}},"4":{"start":{"line":4,"column":13},"end":{"line":4,"column":21}}},"fnMap":{"0":{"name":"(anonymous_0)","decl":{"start":{"line":4,"column":21},"end":{"line":4,"column":22}},"loc":{"start":{"line":4,"column":45},"end":{"line":4,"column":74}}}},"branchMap":{},"s":{"0":2,"1":2,"2":2,"3":1,"4":2},"f":{"0":1},"b":{}}
,"C:\\Users\\youcefcheriet\\MJCHAUFFAGE\\admin-v2\\admin-backend\\src\\auth\\dto\\login.dto.ts": {"path":"C:\\Users\\youcefcheriet\\MJCHAUFFAGE\\admin-v2\\admin-backend\\src\\auth\\dto\\login.dto.ts","statementMap":{"0":{"start":{"line":1,"column":0},"end":{"line":1,"column":75}},"1":{"start":{"line":3,"column":0},"end":{"line":3,"column":13}},"2":{"start":{"line":6,"column":2},"end":{"line":6,"column":null}},"3":{"start":{"line":11,"column":2},"end":{"line":11,"column":null}}},"fnMap":{},"branchMap":{},"s":{"0":4,"1":4,"2":4,"3":4},"f":{},"b":{}}
,"C:\\Users\\youcefcheriet\\MJCHAUFFAGE\\admin-v2\\admin-backend\\src\\auth\\guards\\jwt-auth.guard.ts": {"path":"C:\\Users\\youcefcheriet\\MJCHAUFFAGE\\admin-v2\\admin-backend\\src\\auth\\guards\\jwt-auth.guard.ts","statementMap":{"0":{"start":{"line":1,"column":0},"end":{"line":1,"column":62}},"1":{"start":{"line":2,"column":0},"end":{"line":2,"column":45}},"2":{"start":{"line":3,"column":0},"end":{"line":3,"column":41}},"3":{"start":{"line":4,"column":0},"end":{"line":4,"column":63}},"4":{"start":{"line":7,"column":7},"end":{"line":24,"column":null}},"5":{"start":{"line":9,"column":4},"end":{"line":9,"column":12}},"6":{"start":{"line":8,"column":22},"end":{"line":8,"column":33}},"7":{"start":{"line":13,"column":21},"end":{"line":16,"column":6}},"8":{"start":{"line":18,"column":4},"end":{"line":20,"column":5}},"9":{"start":{"line":19,"column":6},"end":{"line":19,"column":18}},"10":{"start":{"line":22,"column":4},"end":{"line":22,"column":38}},"11":{"start":{"line":7,"column":13},"end":{"line":7,"column":25}},"12":{"start":{"line":7,"column":13},"end":{"line":24,"column":null}}},"fnMap":{"0":{"name":"(anonymous_2)","decl":{"start":{"line":8,"column":2},"end":{"line":8,"column":22}},"loc":{"start":{"line":8,"column":42},"end":{"line":10,"column":3}}},"1":{"name":"(anonymous_3)","decl":{"start":{"line":12,"column":2},"end":{"line":12,"column":13}},"loc":{"start":{"line":12,"column":39},"end":{"line":23,"column":3}}}},"branchMap":{"0":{"loc":{"start":{"line":18,"column":4},"end":{"line":20,"column":5}},"type":"if","locations":[{"start":{"line":18,"column":4},"end":{"line":20,"column":5}},{"start":{},"end":{}}]},"1":{"loc":{"start":{"line":8,"column":33},"end":{"line":8,"column":null}},"type":"cond-expr","locations":[{"start":{"line":8,"column":42},"end":{"line":8,"column":null}},{"start":{"line":8,"column":42},"end":{"line":8,"column":null}}]},"2":{"loc":{"start":{"line":8,"column":33},"end":{"line":8,"column":42}},"type":"binary-expr","locations":[{"start":{"line":8,"column":33},"end":{"line":8,"column":null}},{"start":{"line":8,"column":33},"end":{"line":8,"column":42}}]}},"s":{"0":5,"1":5,"2":5,"3":5,"4":5,"5":4,"6":4,"7":2,"8":2,"9":1,"10":1,"11":5,"12":5},"f":{"0":4,"1":2},"b":{"0":[1,1],"1":[3,2],"2":[5,3]}}
,"C:\\Users\\youcefcheriet\\MJCHAUFFAGE\\admin-v2\\admin-backend\\src\\auth\\guards\\roles.guard.ts": {"path":"C:\\Users\\youcefcheriet\\MJCHAUFFAGE\\admin-v2\\admin-backend\\src\\auth\\guards\\roles.guard.ts","statementMap":{"0":{"start":{"line":1,"column":0},"end":{"line":1,"column":75}},"1":{"start":{"line":2,"column":0},"end":{"line":2,"column":41}},"2":{"start":{"line":3,"column":0},"end":{"line":3,"column":58}},"3":{"start":{"line":6,"column":7},"end":{"line":27,"column":null}},"4":{"start":{"line":7,"column":22},"end":{"line":7,"column":33}},"5":{"start":{"line":10,"column":26},"end":{"line":13,"column":6}},"6":{"start":{"line":15,"column":4},"end":{"line":17,"column":5}},"7":{"start":{"line":16,"column":6},"end":{"line":16,"column":18}},"8":{"start":{"line":19,"column":21},"end":{"line":19,"column":56}},"9":{"start":{"line":21,"column":4},"end":{"line":23,"column":5}},"10":{"start":{"line":22,"column":6},"end":{"line":22,"column":19}},"11":{"start":{"line":25,"column":4},"end":{"line":25,"column":60}},"12":{"start":{"line":25,"column":40},"end":{"line":25,"column":58}},"13":{"start":{"line":6,"column":13},"end":{"line":6,"column":23}},"14":{"start":{"line":6,"column":13},"end":{"line":27,"column":null}}},"fnMap":{"0":{"name":"(anonymous_2)","decl":{"start":{"line":7,"column":2},"end":{"line":7,"column":22}},"loc":{"start":{"line":7,"column":42},"end":{"line":7,"column":46}}},"1":{"name":"(anonymous_3)","decl":{"start":{"line":9,"column":2},"end":{"line":9,"column":13}},"loc":{"start":{"line":9,"column":39},"end":{"line":26,"column":3}}},"2":{"name":"(anonymous_4)","decl":{"start":{"line":25,"column":30},"end":{"line":25,"column":31}},"loc":{"start":{"line":25,"column":40},"end":{"line":25,"column":58}}}},"branchMap":{"0":{"loc":{"start":{"line":15,"column":4},"end":{"line":17,"column":5}},"type":"if","locations":[{"start":{"line":15,"column":4},"end":{"line":17,"column":5}},{"start":{},"end":{}}]},"1":{"loc":{"start":{"line":21,"column":4},"end":{"line":23,"column":5}},"type":"if","locations":[{"start":{"line":21,"column":4},"end":{"line":23,"column":5}},{"start":{},"end":{}}]},"2":{"loc":{"start":{"line":7,"column":33},"end":{"line":7,"column":45}},"type":"cond-expr","locations":[{"start":{"line":7,"column":42},"end":{"line":7,"column":45}},{"start":{"line":7,"column":42},"end":{"line":7,"column":45}}]},"3":{"loc":{"start":{"line":7,"column":33},"end":{"line":7,"column":42}},"type":"binary-expr","locations":[{"start":{"line":7,"column":33},"end":{"line":7,"column":45}},{"start":{"line":7,"column":33},"end":{"line":7,"column":42}}]}},"s":{"0":1,"1":1,"2":1,"3":1,"4":4,"5":4,"6":4,"7":1,"8":3,"9":3,"10":1,"11":2,"12":2,"13":1,"14":1},"f":{"0":4,"1":4,"2":2},"b":{"0":[1,3],"1":[1,2],"2":[1,0],"3":[1,1]}}
,"C:\\Users\\youcefcheriet\\MJCHAUFFAGE\\admin-v2\\admin-backend\\src\\auth\\strategies\\jwt.strategy.ts": {"path":"C:\\Users\\youcefcheriet\\MJCHAUFFAGE\\admin-v2\\admin-backend\\src\\auth\\strategies\\jwt.strategy.ts","statementMap":{"0":{"start":{"line":1,"column":0},"end":{"line":1,"column":67}},"1":{"start":{"line":2,"column":0},"end":{"line":2,"column":47}},"2":{"start":{"line":3,"column":0},"end":{"line":3,"column":52}},"3":{"start":{"line":4,"column":0},"end":{"line":4,"column":52}},"4":{"start":{"line":5,"column":0},"end":{"line":5,"column":58}},"5":{"start":{"line":8,"column":7},"end":{"line":31,"column":null}},"6":{"start":{"line":13,"column":4},"end":{"line":19,"column":7}},"7":{"start":{"line":10,"column":21},"end":{"line":10,"column":36}},"8":{"start":{"line":11,"column":21},"end":{"line":11,"column":34}},"9":{"start":{"line":23,"column":17},"end":{"line":23,"column":61}},"10":{"start":{"line":25,"column":4},"end":{"line":27,"column":5}},"11":{"start":{"line":26,"column":6},"end":{"line":26,"column":79}},"12":{"start":{"line":29,"column":4},"end":{"line":29,"column":16}},"13":{"start":{"line":8,"column":13},"end":{"line":8,"column":24}},"14":{"start":{"line":8,"column":13},"end":{"line":31,"column":null}}},"fnMap":{"0":{"name":"(anonymous_2)","decl":{"start":{"line":9,"column":2},"end":{"line":9,"column":null}},"loc":{"start":{"line":11,"column":45},"end":{"line":20,"column":3}}},"1":{"name":"(anonymous_3)","decl":{"start":{"line":22,"column":2},"end":{"line":22,"column":7}},"loc":{"start":{"line":22,"column":36},"end":{"line":30,"column":3}}}},"branchMap":{"0":{"loc":{"start":{"line":25,"column":4},"end":{"line":27,"column":5}},"type":"if","locations":[{"start":{"line":25,"column":4},"end":{"line":27,"column":5}},{"start":{},"end":{}}]},"1":{"loc":{"start":{"line":10,"column":36},"end":{"line":10,"column":null}},"type":"cond-expr","locations":[{"start":{"line":10,"column":49},"end":{"line":10,"column":null}},{"start":{"line":10,"column":49},"end":{"line":10,"column":null}}]},"2":{"loc":{"start":{"line":10,"column":36},"end":{"line":10,"column":49}},"type":"binary-expr","locations":[{"start":{"line":10,"column":36},"end":{"line":10,"column":null}},{"start":{"line":10,"column":36},"end":{"line":10,"column":49}}]},"3":{"loc":{"start":{"line":10,"column":49},"end":{"line":11,"column":null}},"type":"cond-expr","locations":[{"start":{"line":11,"column":45},"end":{"line":11,"column":null}},{"start":{"line":11,"column":45},"end":{"line":11,"column":null}}]},"4":{"loc":{"start":{"line":10,"column":49},"end":{"line":11,"column":45}},"type":"binary-expr","locations":[{"start":{"line":10,"column":49},"end":{"line":11,"column":null}},{"start":{"line":11,"column":34},"end":{"line":11,"column":45}}]}},"s":{"0":4,"1":4,"2":4,"3":4,"4":4,"5":4,"6":3,"7":3,"8":3,"9":2,"10":2,"11":1,"12":1,"13":4,"14":4},"f":{"0":3,"1":2},"b":{"0":[1,1],"1":[4,0],"2":[4,4],"3":[4,0],"4":[4,4]}}
,"C:\\Users\\youcefcheriet\\MJCHAUFFAGE\\admin-v2\\admin-backend\\src\\config\\jwt-duration.util.ts": {"path":"C:\\Users\\youcefcheriet\\MJCHAUFFAGE\\admin-v2\\admin-backend\\src\\config\\jwt-duration.util.ts","statementMap":{"0":{"start":{"line":6,"column":4},"end":{"line":8,"column":5}},"1":{"start":{"line":7,"column":6},"end":{"line":7,"column":22}},"2":{"start":{"line":10,"column":18},"end":{"line":10,"column":59}},"3":{"start":{"line":11,"column":4},"end":{"line":15,"column":5}},"4":{"start":{"line":12,"column":6},"end":{"line":14,"column":8}},"5":{"start":{"line":17,"column":28},"end":{"line":17,"column":33}},"6":{"start":{"line":18,"column":19},"end":{"line":18,"column":32}},"7":{"start":{"line":19,"column":48},"end":{"line":24,"column":6}},"8":{"start":{"line":26,"column":4},"end":{"line":26,"column":52}},"9":{"start":{"line":1,"column":0},"end":{"line":1,"column":13}}},"fnMap":{"0":{"name":"(anonymous_0)","decl":{"start":{"line":5,"column":2},"end":{"line":5,"column":8}},"loc":{"start":{"line":5,"column":44},"end":{"line":27,"column":3}}}},"branchMap":{"0":{"loc":{"start":{"line":6,"column":4},"end":{"line":8,"column":5}},"type":"if","locations":[{"start":{"line":6,"column":4},"end":{"line":8,"column":5}},{"start":{},"end":{}}]},"1":{"loc":{"start":{"line":11,"column":4},"end":{"line":15,"column":5}},"type":"if","locations":[{"start":{"line":11,"column":4},"end":{"line":15,"column":5}},{"start":{},"end":{}}]}},"s":{"0":9,"1":1,"2":8,"3":8,"4":1,"5":7,"6":7,"7":7,"8":7,"9":7},"f":{"0":9},"b":{"0":[1,8],"1":[1,7]}}
,"C:\\Users\\youcefcheriet\\MJCHAUFFAGE\\admin-v2\\admin-backend\\src\\prisma\\prisma.module.ts": {"path":"C:\\Users\\youcefcheriet\\MJCHAUFFAGE\\admin-v2\\admin-backend\\src\\prisma\\prisma.module.ts","statementMap":{"0":{"start":{"line":1,"column":0},"end":{"line":1,"column":48}},"1":{"start":{"line":2,"column":0},"end":{"line":2,"column":49}},"2":{"start":{"line":9,"column":7},"end":{"line":9,"column":null}},"3":{"start":{"line":9,"column":13},"end":{"line":9,"column":25}},"4":{"start":{"line":9,"column":13},"end":{"line":9,"column":null}}},"fnMap":{},"branchMap":{},"s":{"0":3,"1":3,"2":3,"3":3,"4":3},"f":{},"b":{}}
,"C:\\Users\\youcefcheriet\\MJCHAUFFAGE\\admin-v2\\admin-backend\\src\\prisma\\prisma.service.ts": {"path":"C:\\Users\\youcefcheriet\\MJCHAUFFAGE\\admin-v2\\admin-backend\\src\\prisma\\prisma.service.ts","statementMap":{"0":{"start":{"line":1,"column":0},"end":{"line":1,"column":83}},"1":{"start":{"line":2,"column":0},"end":{"line":2,"column":47}},"2":{"start":{"line":3,"column":0},"end":{"line":3,"column":54}},"3":{"start":{"line":6,"column":26},"end":{"line":54,"column":null}},"4":{"start":{"line":7,"column":28},"end":{"line":7,"column":58}},"5":{"start":{"line":10,"column":4},"end":{"line":23,"column":7}},"6":{"start":{"line":9,"column":31},"end":{"line":9,"column":46}},"7":{"start":{"line":25,"column":4},"end":{"line":31,"column":5}},"8":{"start":{"line":26,"column":7},"end":{"line":30,"column":9}},"9":{"start":{"line":27,"column":8},"end":{"line":27,"column":51}},"10":{"start":{"line":28,"column":8},"end":{"line":28,"column":53}},"11":{"start":{"line":29,"column":8},"end":{"line":29,"column":59}},"12":{"start":{"line":35,"column":4},"end":{"line":41,"column":5}},"13":{"start":{"line":36,"column":6},"end":{"line":36,"column":28}},"14":{"start":{"line":37,"column":6},"end":{"line":37,"column":59}},"15":{"start":{"line":39,"column":6},"end":{"line":39,"column":72}},"16":{"start":{"line":40,"column":6},"end":{"line":40,"column":18}},"17":{"start":{"line":45,"column":4},"end":{"line":45,"column":29}},"18":{"start":{"line":46,"column":4},"end":{"line":46,"column":48}},"19":{"start":{"line":50,"column":5},"end":{"line":52,"column":7}},"20":{"start":{"line":51,"column":6},"end":{"line":51,"column":24}},"21":{"start":{"line":6,"column":13},"end":{"line":6,"column":26}},"22":{"start":{"line":6,"column":13},"end":{"line":54,"column":null}}},"fnMap":{"0":{"name":"(anonymous_2)","decl":{"start":{"line":9,"column":2},"end":{"line":9,"column":31}},"loc":{"start":{"line":9,"column":59},"end":{"line":32,"column":3}}},"1":{"name":"(anonymous_3)","decl":{"start":{"line":26,"column":33},"end":{"line":26,"column":34}},"loc":{"start":{"line":26,"column":62},"end":{"line":30,"column":7}}},"2":{"name":"(anonymous_4)","decl":{"start":{"line":34,"column":2},"end":{"line":34,"column":7}},"loc":{"start":{"line":34,"column":20},"end":{"line":42,"column":3}}},"3":{"name":"(anonymous_5)","decl":{"start":{"line":44,"column":2},"end":{"line":44,"column":7}},"loc":{"start":{"line":44,"column":23},"end":{"line":47,"column":3}}},"4":{"name":"(anonymous_6)","decl":{"start":{"line":49,"column":2},"end":{"line":49,"column":7}},"loc":{"start":{"line":49,"column":63},"end":{"line":53,"column":3}}},"5":{"name":"(anonymous_7)","decl":{"start":{"line":50,"column":36},"end":{"line":50,"column":41}},"loc":{"start":{"line":50,"column":47},"end":{"line":52,"column":5}}}},"branchMap":{"0":{"loc":{"start":{"line":25,"column":4},"end":{"line":31,"column":5}},"type":"if","locations":[{"start":{"line":25,"column":4},"end":{"line":31,"column":5}},{"start":{},"end":{}}]},"1":{"loc":{"start":{"line":9,"column":46},"end":{"line":9,"column":null}},"type":"cond-expr","locations":[{"start":{"line":9,"column":59},"end":{"line":9,"column":null}},{"start":{"line":9,"column":59},"end":{"line":9,"column":null}}]},"2":{"loc":{"start":{"line":9,"column":46},"end":{"line":9,"column":59}},"type":"binary-expr","locations":[{"start":{"line":9,"column":46},"end":{"line":9,"column":null}},{"start":{"line":9,"column":46},"end":{"line":9,"column":59}}]}},"s":{"0":8,"1":8,"2":8,"3":8,"4":3,"5":3,"6":3,"7":3,"8":1,"9":0,"10":0,"11":0,"12":1,"13":1,"14":1,"15":0,"16":0,"17":1,"18":1,"19":1,"20":1,"21":8,"22":8},"f":{"0":3,"1":0,"2":1,"3":1,"4":1,"5":1},"b":{"0":[1,2],"1":[8,0],"2":[8,8]}}
}
