TN:
SF:src\app.controller.ts
FN:6,(anonymous_2)
FN:9,(anonymous_3)
FNF:2
FNH:2
FNDA:2,(anonymous_2)
FNDA:1,(anonymous_3)
DA:1,4
DA:2,4
DA:5,4
DA:6,2
DA:9,4
DA:10,1
LF:6
LH:6
BRDA:6,0,0,4
BRDA:6,0,1,0
BRDA:6,1,0,4
BRDA:6,1,1,4
BRF:4
BRH:3
end_of_record
TN:
SF:src\app.module.ts
FNF:0
FNH:0
DA:1,3
DA:2,3
DA:3,3
DA:4,3
DA:5,3
DA:6,3
DA:7,3
DA:31,3
LF:8
LH:8
BRF:0
BRH:0
end_of_record
TN:
SF:src\app.service.ts
FN:5,(anonymous_1)
FNF:1
FNH:1
FNDA:2,(anonymous_1)
DA:1,4
DA:4,4
DA:6,2
LF:3
LH:3
BRF:0
BRH:0
end_of_record
TN:
SF:src\main.ts
FN:8,bootstrap
FN:49,(anonymous_2)
FNF:2
FNH:1
FNDA:2,bootstrap
FNDA:0,(anonymous_2)
DA:1,2
DA:2,2
DA:3,2
DA:4,2
DA:5,2
DA:6,2
DA:9,2
DA:11,2
DA:12,2
DA:15,2
DA:16,2
DA:19,2
DA:27,2
DA:39,2
DA:41,2
DA:43,2
DA:45,2
DA:46,2
DA:49,2
DA:50,0
DA:51,0
LF:21
LH:19
BRF:0
BRH:0
end_of_record
TN:
SF:src\auth\auth.controller.ts
FN:10,(anonymous_4)
FN:15,(anonymous_5)
FN:22,(anonymous_6)
FN:30,(anonymous_7)
FNF:4
FNH:1
FNDA:2,(anonymous_4)
FNDA:0,(anonymous_5)
FNDA:0,(anonymous_6)
FNDA:0,(anonymous_7)
DA:1,4
DA:2,4
DA:3,4
DA:4,4
DA:5,4
DA:9,4
DA:10,2
DA:15,4
DA:16,0
DA:22,4
DA:25,0
DA:30,4
DA:32,0
LF:13
LH:10
BRDA:25,0,0,0
BRDA:25,0,1,0
BRDA:15,1,0,4
BRDA:15,1,1,0
BRDA:15,2,0,4
BRDA:15,2,1,4
BRDA:10,3,0,4
BRDA:10,3,1,0
BRDA:10,4,0,4
BRDA:10,4,1,4
BRF:10
BRH:6
end_of_record
TN:
SF:src\auth\auth.module.ts
FN:16,(anonymous_1)
FNF:1
FNH:1
FNDA:1,(anonymous_1)
DA:1,3
DA:2,3
DA:3,3
DA:4,3
DA:5,3
DA:6,3
DA:7,3
DA:8,3
DA:16,1
DA:32,3
LF:10
LH:10
BRF:0
BRH:0
end_of_record
TN:
SF:src\auth\auth.service.ts
FN:35,(anonymous_11)
FN:41,(anonymous_12)
FN:146,(anonymous_13)
FNF:3
FNH:3
FNDA:9,(anonymous_11)
FNDA:6,(anonymous_12)
FNDA:2,(anonymous_13)
DA:1,6
DA:2,6
DA:3,6
DA:4,6
DA:5,6
DA:6,6
DA:32,6
DA:33,9
DA:36,9
DA:37,9
DA:38,9
DA:42,6
DA:44,6
DA:46,6
DA:60,6
DA:61,1
DA:62,1
DA:66,5
DA:67,1
DA:68,1
DA:72,4
DA:73,1
DA:74,1
DA:77,3
DA:78,3
DA:79,1
DA:80,1
DA:84,2
DA:85,1
DA:86,1
DA:90,1
DA:98,1
DA:105,1
DA:116,1
DA:121,1
DA:123,1
DA:137,5
DA:138,5
DA:141,0
DA:142,0
DA:147,2
DA:148,2
DA:160,2
DA:161,1
DA:164,1
DA:166,0
DA:167,0
LF:47
LH:43
BRDA:60,0,0,1
BRDA:60,0,1,5
BRDA:66,1,0,1
BRDA:66,1,1,4
BRDA:72,2,0,1
BRDA:72,2,1,3
BRDA:78,3,0,1
BRDA:78,3,1,2
BRDA:84,4,0,1
BRDA:84,4,1,1
BRDA:137,5,0,5
BRDA:137,5,1,0
BRDA:160,6,0,1
BRDA:160,6,1,1
BRDA:160,7,0,2
BRDA:160,7,1,2
BRDA:36,8,0,6
BRDA:36,8,1,0
BRDA:36,9,0,6
BRDA:36,9,1,6
BRDA:36,10,0,6
BRDA:36,10,1,0
BRDA:36,11,0,6
BRDA:36,11,1,6
BRDA:37,12,0,6
BRDA:37,12,1,0
BRDA:37,13,0,6
BRDA:37,13,1,6
BRF:28
BRH:24
end_of_record
TN:
SF:src\auth\decorators\public.decorator.ts
FN:4,(anonymous_0)
FNF:1
FNH:1
FNDA:5,(anonymous_0)
DA:1,6
DA:3,6
DA:4,6
LF:3
LH:3
BRF:0
BRH:0
end_of_record
TN:
SF:src\auth\decorators\roles.decorator.ts
FN:4,(anonymous_0)
FNF:1
FNH:1
FNDA:1,(anonymous_0)
DA:1,2
DA:3,2
DA:4,2
LF:3
LH:3
BRF:0
BRH:0
end_of_record
TN:
SF:src\auth\dto\login.dto.ts
FNF:0
FNH:0
DA:1,4
DA:3,4
DA:6,4
DA:11,4
LF:4
LH:4
BRF:0
BRH:0
end_of_record
TN:
SF:src\auth\guards\jwt-auth.guard.ts
FN:8,(anonymous_2)
FN:12,(anonymous_3)
FNF:2
FNH:2
FNDA:4,(anonymous_2)
FNDA:2,(anonymous_3)
DA:1,5
DA:2,5
DA:3,5
DA:4,5
DA:7,5
DA:8,4
DA:9,4
DA:13,2
DA:18,2
DA:19,1
DA:22,1
LF:11
LH:11
BRDA:18,0,0,1
BRDA:18,0,1,1
BRDA:8,1,0,3
BRDA:8,1,1,2
BRDA:8,2,0,5
BRDA:8,2,1,3
BRF:6
BRH:6
end_of_record
TN:
SF:src\auth\guards\roles.guard.ts
FN:7,(anonymous_2)
FN:9,(anonymous_3)
FN:25,(anonymous_4)
FNF:3
FNH:3
FNDA:4,(anonymous_2)
FNDA:4,(anonymous_3)
FNDA:2,(anonymous_4)
DA:1,1
DA:2,1
DA:3,1
DA:6,1
DA:7,4
DA:10,4
DA:15,4
DA:16,1
DA:19,3
DA:21,3
DA:22,1
DA:25,2
LF:12
LH:12
BRDA:15,0,0,1
BRDA:15,0,1,3
BRDA:21,1,0,1
BRDA:21,1,1,2
BRDA:7,2,0,1
BRDA:7,2,1,0
BRDA:7,3,0,1
BRDA:7,3,1,1
BRF:8
BRH:7
end_of_record
TN:
SF:src\auth\strategies\jwt.strategy.ts
FN:9,(anonymous_2)
FN:22,(anonymous_3)
FNF:2
FNH:2
FNDA:3,(anonymous_2)
FNDA:2,(anonymous_3)
DA:1,4
DA:2,4
DA:3,4
DA:4,4
DA:5,4
DA:8,4
DA:10,3
DA:11,3
DA:13,3
DA:23,2
DA:25,2
DA:26,1
DA:29,1
LF:13
LH:13
BRDA:25,0,0,1
BRDA:25,0,1,1
BRDA:10,1,0,4
BRDA:10,1,1,0
BRDA:10,2,0,4
BRDA:10,2,1,4
BRDA:10,3,0,4
BRDA:10,3,1,0
BRDA:10,4,0,4
BRDA:10,4,1,4
BRF:10
BRH:8
end_of_record
TN:
SF:src\config\jwt-duration.util.ts
FN:5,(anonymous_0)
FNF:1
FNH:1
FNDA:9,(anonymous_0)
DA:1,7
DA:6,9
DA:7,1
DA:10,8
DA:11,8
DA:12,1
DA:17,7
DA:18,7
DA:19,7
DA:26,7
LF:10
LH:10
BRDA:6,0,0,1
BRDA:6,0,1,8
BRDA:11,1,0,1
BRDA:11,1,1,7
BRF:4
BRH:4
end_of_record
TN:
SF:src\prisma\prisma.module.ts
FNF:0
FNH:0
DA:1,3
DA:2,3
DA:9,3
LF:3
LH:3
BRF:0
BRH:0
end_of_record
TN:
SF:src\prisma\prisma.service.ts
FN:9,(anonymous_2)
FN:26,(anonymous_3)
FN:34,(anonymous_4)
FN:44,(anonymous_5)
FN:49,(anonymous_6)
FN:50,(anonymous_7)
FNF:6
FNH:5
FNDA:3,(anonymous_2)
FNDA:0,(anonymous_3)
FNDA:1,(anonymous_4)
FNDA:1,(anonymous_5)
FNDA:1,(anonymous_6)
FNDA:1,(anonymous_7)
DA:1,8
DA:2,8
DA:3,8
DA:6,8
DA:7,3
DA:9,3
DA:10,3
DA:25,3
DA:26,1
DA:27,0
DA:28,0
DA:29,0
DA:35,1
DA:36,1
DA:37,1
DA:39,0
DA:40,0
DA:45,1
DA:46,1
DA:50,1
DA:51,1
LF:21
LH:16
BRDA:25,0,0,1
BRDA:25,0,1,2
BRDA:9,1,0,8
BRDA:9,1,1,0
BRDA:9,2,0,8
BRDA:9,2,1,8
BRF:6
BRH:5
end_of_record
